::1 - - [10/Aug/2020:17:53:41 +0800] "GET / HTTP/1.1" 200 46
::1 - - [10/Aug/2020:17:53:41 +0800] "GET /favicon.ico HTTP/1.1" 404 196
::1 - - [10/Aug/2020:17:54:41 +0800] "-" 408 -
127.0.0.1 - - [11/Aug/2020:13:23:37 +0800] "GET / HTTP/1.1" 304 -
::1 - - [11/Aug/2020:13:39:59 +0800] "GET / HTTP/1.1" 200 46
::1 - - [11/Aug/2020:13:40:59 +0800] "-" 408 -
::1 - - [11/Aug/2020:13:41:12 +0800] "GET / HTTP/1.1" 200 46
::1 - - [11/Aug/2020:13:41:13 +0800] "GET / HTTP/1.1" 200 46
::1 - - [11/Aug/2020:13:41:14 +0800] "GET / HTTP/1.1" 200 46
::1 - - [11/Aug/2020:13:41:14 +0800] "GET / HTTP/1.1" 200 46
::1 - - [11/Aug/2020:13:41:55 +0800] "GET / HTTP/1.1" 200 86955
::1 - - [11/Aug/2020:13:42:56 +0800] "-" 408 -
::1 - - [11/Aug/2020:13:43:55 +0800] "GET / HTTP/1.1" 200 65
::1 - - [11/Aug/2020:13:44:56 +0800] "-" 408 -
::1 - - [12/Aug/2020:09:21:09 +0800] "GET / HTTP/1.1" 200 87009
::1 - - [12/Aug/2020:09:24:48 +0800] "GET / HTTP/1.1" 200 211
::1 - - [12/Aug/2020:09:25:48 +0800] "-" 408 -
::1 - - [12/Aug/2020:09:26:07 +0800] "GET / HTTP/1.1" 200 209
::1 - - [12/Aug/2020:09:27:08 +0800] "-" 408 -
::1 - - [12/Aug/2020:09:28:02 +0800] "GET / HTTP/1.1" 200 209
::1 - - [12/Aug/2020:09:28:04 +0800] "GET / HTTP/1.1" 200 209
::1 - - [12/Aug/2020:09:28:05 +0800] "GET / HTTP/1.1" 200 209
::1 - - [12/Aug/2020:09:28:05 +0800] "GET / HTTP/1.1" 200 209
::1 - - [12/Aug/2020:09:28:33 +0800] "GET / HTTP/1.1" 200 210
::1 - - [12/Aug/2020:09:29:30 +0800] "GET / HTTP/1.1" 200 209
::1 - - [12/Aug/2020:09:30:30 +0800] "GET / HTTP/1.1" 200 209
::1 - - [12/Aug/2020:09:30:32 +0800] "GET / HTTP/1.1" 200 209
::1 - - [12/Aug/2020:09:31:05 +0800] "GET / HTTP/1.1" 200 209
::1 - - [12/Aug/2020:09:31:06 +0800] "GET / HTTP/1.1" 200 209
::1 - - [12/Aug/2020:09:31:07 +0800] "GET / HTTP/1.1" 200 209
::1 - - [12/Aug/2020:09:32:06 +0800] "-" 408 -
::1 - - [12/Aug/2020:09:32:24 +0800] "GET / HTTP/1.1" 200 209
::1 - - [12/Aug/2020:09:33:24 +0800] "-" 408 -
::1 - - [12/Aug/2020:16:40:48 +0800] "GET / HTTP/1.1" 200 209
::1 - - [12/Aug/2020:16:41:49 +0800] "-" 408 -
::1 - - [12/Aug/2020:16:58:14 +0800] "GET / HTTP/1.1" 200 209
::1 - - [12/Aug/2020:16:58:16 +0800] "GET / HTTP/1.1" 200 209
::1 - - [12/Aug/2020:16:59:14 +0800] "-" 408 -
::1 - - [12/Aug/2020:17:03:57 +0800] "GET / HTTP/1.1" 200 183
::1 - - [12/Aug/2020:17:04:57 +0800] "-" 408 -
::1 - - [12/Aug/2020:17:06:58 +0800] "GET / HTTP/1.1" 200 -
::1 - - [12/Aug/2020:17:07:59 +0800] "-" 408 -
::1 - - [12/Aug/2020:17:21:35 +0800] "GET / HTTP/1.1" 200 -
::1 - - [12/Aug/2020:17:22:35 +0800] "-" 408 -
::1 - - [12/Aug/2020:17:22:54 +0800] "GET / HTTP/1.1" 200 209
127.0.0.1 - - [12/Aug/2020:17:24:06 +0800] "GET / HTTP/1.1" 200 -
127.0.0.1 - - [12/Aug/2020:17:24:13 +0800] "GET / HTTP/1.1" 200 -
::1 - - [12/Aug/2020:17:24:56 +0800] "GET / HTTP/1.1" 200 340
::1 - - [12/Aug/2020:17:25:09 +0800] "GET / HTTP/1.1" 200 -
::1 - - [12/Aug/2020:17:25:33 +0800] "GET / HTTP/1.1" 200 151
::1 - - [12/Aug/2020:17:26:33 +0800] "-" 408 -
::1 - - [12/Aug/2020:17:27:40 +0800] "GET / HTTP/1.1" 200 172
::1 - - [12/Aug/2020:17:27:45 +0800] "GET / HTTP/1.1" 200 171
::1 - - [12/Aug/2020:17:28:40 +0800] "-" 408 -
::1 - - [12/Aug/2020:17:30:10 +0800] "GET / HTTP/1.1" 200 -
::1 - - [12/Aug/2020:17:31:11 +0800] "-" 408 -
::1 - - [12/Aug/2020:17:37:53 +0800] "GET / HTTP/1.1" 200 17
::1 - - [12/Aug/2020:17:38:07 +0800] "GET / HTTP/1.1" 200 17
::1 - - [12/Aug/2020:17:38:28 +0800] "GET / HTTP/1.1" 200 141
::1 - - [12/Aug/2020:17:38:44 +0800] "GET / HTTP/1.1" 200 144
::1 - - [12/Aug/2020:17:38:54 +0800] "GET / HTTP/1.1" 200 18
::1 - - [12/Aug/2020:17:39:01 +0800] "GET / HTTP/1.1" 200 18
::1 - - [12/Aug/2020:17:40:01 +0800] "-" 408 -
::1 - - [12/Aug/2020:18:16:51 +0800] "GET / HTTP/1.1" 200 113
::1 - - [12/Aug/2020:18:17:08 +0800] "GET / HTTP/1.1" 200 1608
::1 - - [12/Aug/2020:18:17:21 +0800] "GET / HTTP/1.1" 200 565
::1 - - [12/Aug/2020:18:18:21 +0800] "-" 408 -
::1 - - [12/Aug/2020:18:20:03 +0800] "GET / HTTP/1.1" 200 117
::1 - - [12/Aug/2020:18:20:17 +0800] "GET / HTTP/1.1" 200 50
::1 - - [12/Aug/2020:18:21:17 +0800] "-" 408 -
::1 - - [12/Aug/2020:19:04:51 +0800] "GET / HTTP/1.1" 200 76
::1 - - [12/Aug/2020:19:05:51 +0800] "-" 408 -
